execve("./a.out", ["./a.out"], 0x7ffef8dc4760 /* 105 vars */) = 0
brk(NULL)                               = 0x56236c8f0000
arch_prctl(0x3001 /* ARCH_??? */, 0x7ffd8952cf70) = -1 EINVAL (Invalid argument)
mmap(NULL, 8192, PROT_READ|PROT_WRITE, MAP_PRIVATE|MAP_ANONYMOUS, -1, 0) = 0x7f8c9fcb9000
access("/etc/ld.so.preload", R_OK)      = -1 ENOENT (No such file or directory)
openat(AT_FDCWD, "/snap/nvim/2809/usr/lib/glibc-hwcaps/x86-64-v3/libc.so.6", O_RDONLY|O_CLOEXEC) = -1 ENOENT (No such file or directory)
newfstatat(AT_FDCWD, "/snap/nvim/2809/usr/lib/glibc-hwcaps/x86-64-v3", 0x7ffd8952c190, 0) = -1 ENOENT (No such file or directory)
openat(AT_FDCWD, "/snap/nvim/2809/usr/lib/glibc-hwcaps/x86-64-v2/libc.so.6", O_RDONLY|O_CLOEXEC) = -1 ENOENT (No such file or directory)
newfstatat(AT_FDCWD, "/snap/nvim/2809/usr/lib/glibc-hwcaps/x86-64-v2", 0x7ffd8952c190, 0) = -1 ENOENT (No such file or directory)
openat(AT_FDCWD, "/snap/nvim/2809/usr/lib/tls/haswell/x86_64/libc.so.6", O_RDONLY|O_CLOEXEC) = -1 ENOENT (No such file or directory)
newfstatat(AT_FDCWD, "/snap/nvim/2809/usr/lib/tls/haswell/x86_64", 0x7ffd8952c190, 0) = -1 ENOENT (No such file or directory)
openat(AT_FDCWD, "/snap/nvim/2809/usr/lib/tls/haswell/libc.so.6", O_RDONLY|O_CLOEXEC) = -1 ENOENT (No such file or directory)
newfstatat(AT_FDCWD, "/snap/nvim/2809/usr/lib/tls/haswell", 0x7ffd8952c190, 0) = -1 ENOENT (No such file or directory)
openat(AT_FDCWD, "/snap/nvim/2809/usr/lib/tls/x86_64/libc.so.6", O_RDONLY|O_CLOEXEC) = -1 ENOENT (No such file or directory)
newfstatat(AT_FDCWD, "/snap/nvim/2809/usr/lib/tls/x86_64", 0x7ffd8952c190, 0) = -1 ENOENT (No such file or directory)
openat(AT_FDCWD, "/snap/nvim/2809/usr/lib/tls/libc.so.6", O_RDONLY|O_CLOEXEC) = -1 ENOENT (No such file or directory)
newfstatat(AT_FDCWD, "/snap/nvim/2809/usr/lib/tls", 0x7ffd8952c190, 0) = -1 ENOENT (No such file or directory)
openat(AT_FDCWD, "/snap/nvim/2809/usr/lib/haswell/x86_64/libc.so.6", O_RDONLY|O_CLOEXEC) = -1 ENOENT (No such file or directory)
newfstatat(AT_FDCWD, "/snap/nvim/2809/usr/lib/haswell/x86_64", 0x7ffd8952c190, 0) = -1 ENOENT (No such file or directory)
openat(AT_FDCWD, "/snap/nvim/2809/usr/lib/haswell/libc.so.6", O_RDONLY|O_CLOEXEC) = -1 ENOENT (No such file or directory)
newfstatat(AT_FDCWD, "/snap/nvim/2809/usr/lib/haswell", 0x7ffd8952c190, 0) = -1 ENOENT (No such file or directory)
openat(AT_FDCWD, "/snap/nvim/2809/usr/lib/x86_64/libc.so.6", O_RDONLY|O_CLOEXEC) = -1 ENOENT (No such file or directory)
newfstatat(AT_FDCWD, "/snap/nvim/2809/usr/lib/x86_64", 0x7ffd8952c190, 0) = -1 ENOENT (No such file or directory)
openat(AT_FDCWD, "/snap/nvim/2809/usr/lib/libc.so.6", O_RDONLY|O_CLOEXEC) = -1 ENOENT (No such file or directory)
newfstatat(AT_FDCWD, "/snap/nvim/2809/usr/lib", {st_mode=S_IFDIR|0755, st_size=39, ...}, 0) = 0
openat(AT_FDCWD, "/snap/nvim/2809/usr/lib/x86_64-linux-gnu/glibc-hwcaps/x86-64-v3/libc.so.6", O_RDONLY|O_CLOEXEC) = -1 ENOENT (No such file or directory)
newfstatat(AT_FDCWD, "/snap/nvim/2809/usr/lib/x86_64-linux-gnu/glibc-hwcaps/x86-64-v3", 0x7ffd8952c190, 0) = -1 ENOENT (No such file or directory)
openat(AT_FDCWD, "/snap/nvim/2809/usr/lib/x86_64-linux-gnu/glibc-hwcaps/x86-64-v2/libc.so.6", O_RDONLY|O_CLOEXEC) = -1 ENOENT (No such file or directory)
newfstatat(AT_FDCWD, "/snap/nvim/2809/usr/lib/x86_64-linux-gnu/glibc-hwcaps/x86-64-v2", 0x7ffd8952c190, 0) = -1 ENOENT (No such file or directory)
openat(AT_FDCWD, "/snap/nvim/2809/usr/lib/x86_64-linux-gnu/tls/haswell/x86_64/libc.so.6", O_RDONLY|O_CLOEXEC) = -1 ENOENT (No such file or directory)
newfstatat(AT_FDCWD, "/snap/nvim/2809/usr/lib/x86_64-linux-gnu/tls/haswell/x86_64", 0x7ffd8952c190, 0) = -1 ENOENT (No such file or directory)
openat(AT_FDCWD, "/snap/nvim/2809/usr/lib/x86_64-linux-gnu/tls/haswell/libc.so.6", O_RDONLY|O_CLOEXEC) = -1 ENOENT (No such file or directory)
newfstatat(AT_FDCWD, "/snap/nvim/2809/usr/lib/x86_64-linux-gnu/tls/haswell", 0x7ffd8952c190, 0) = -1 ENOENT (No such file or directory)
openat(AT_FDCWD, "/snap/nvim/2809/usr/lib/x86_64-linux-gnu/tls/x86_64/libc.so.6", O_RDONLY|O_CLOEXEC) = -1 ENOENT (No such file or directory)
newfstatat(AT_FDCWD, "/snap/nvim/2809/usr/lib/x86_64-linux-gnu/tls/x86_64", 0x7ffd8952c190, 0) = -1 ENOENT (No such file or directory)
openat(AT_FDCWD, "/snap/nvim/2809/usr/lib/x86_64-linux-gnu/tls/libc.so.6", O_RDONLY|O_CLOEXEC) = -1 ENOENT (No such file or directory)
newfstatat(AT_FDCWD, "/snap/nvim/2809/usr/lib/x86_64-linux-gnu/tls", 0x7ffd8952c190, 0) = -1 ENOENT (No such file or directory)
openat(AT_FDCWD, "/snap/nvim/2809/usr/lib/x86_64-linux-gnu/haswell/x86_64/libc.so.6", O_RDONLY|O_CLOEXEC) = -1 ENOENT (No such file or directory)
newfstatat(AT_FDCWD, "/snap/nvim/2809/usr/lib/x86_64-linux-gnu/haswell/x86_64", 0x7ffd8952c190, 0) = -1 ENOENT (No such file or directory)
openat(AT_FDCWD, "/snap/nvim/2809/usr/lib/x86_64-linux-gnu/haswell/libc.so.6", O_RDONLY|O_CLOEXEC) = -1 ENOENT (No such file or directory)
newfstatat(AT_FDCWD, "/snap/nvim/2809/usr/lib/x86_64-linux-gnu/haswell", 0x7ffd8952c190, 0) = -1 ENOENT (No such file or directory)
openat(AT_FDCWD, "/snap/nvim/2809/usr/lib/x86_64-linux-gnu/x86_64/libc.so.6", O_RDONLY|O_CLOEXEC) = -1 ENOENT (No such file or directory)
newfstatat(AT_FDCWD, "/snap/nvim/2809/usr/lib/x86_64-linux-gnu/x86_64", 0x7ffd8952c190, 0) = -1 ENOENT (No such file or directory)
openat(AT_FDCWD, "/snap/nvim/2809/usr/lib/x86_64-linux-gnu/libc.so.6", O_RDONLY|O_CLOEXEC) = -1 ENOENT (No such file or directory)
newfstatat(AT_FDCWD, "/snap/nvim/2809/usr/lib/x86_64-linux-gnu", {st_mode=S_IFDIR|0755, st_size=27, ...}, 0) = 0
openat(AT_FDCWD, "/var/lib/snapd/lib/gl/glibc-hwcaps/x86-64-v3/libc.so.6", O_RDONLY|O_CLOEXEC) = -1 ENOENT (No such file or directory)
newfstatat(AT_FDCWD, "/var/lib/snapd/lib/gl/glibc-hwcaps/x86-64-v3", 0x7ffd8952c190, 0) = -1 ENOENT (No such file or directory)
openat(AT_FDCWD, "/var/lib/snapd/lib/gl/glibc-hwcaps/x86-64-v2/libc.so.6", O_RDONLY|O_CLOEXEC) = -1 ENOENT (No such file or directory)
newfstatat(AT_FDCWD, "/var/lib/snapd/lib/gl/glibc-hwcaps/x86-64-v2", 0x7ffd8952c190, 0) = -1 ENOENT (No such file or directory)
openat(AT_FDCWD, "/var/lib/snapd/lib/gl/tls/haswell/x86_64/libc.so.6", O_RDONLY|O_CLOEXEC) = -1 ENOENT (No such file or directory)
newfstatat(AT_FDCWD, "/var/lib/snapd/lib/gl/tls/haswell/x86_64", 0x7ffd8952c190, 0) = -1 ENOENT (No such file or directory)
openat(AT_FDCWD, "/var/lib/snapd/lib/gl/tls/haswell/libc.so.6", O_RDONLY|O_CLOEXEC) = -1 ENOENT (No such file or directory)
newfstatat(AT_FDCWD, "/var/lib/snapd/lib/gl/tls/haswell", 0x7ffd8952c190, 0) = -1 ENOENT (No such file or directory)
openat(AT_FDCWD, "/var/lib/snapd/lib/gl/tls/x86_64/libc.so.6", O_RDONLY|O_CLOEXEC) = -1 ENOENT (No such file or directory)
newfstatat(AT_FDCWD, "/var/lib/snapd/lib/gl/tls/x86_64", 0x7ffd8952c190, 0) = -1 ENOENT (No such file or directory)
openat(AT_FDCWD, "/var/lib/snapd/lib/gl/tls/libc.so.6", O_RDONLY|O_CLOEXEC) = -1 ENOENT (No such file or directory)
newfstatat(AT_FDCWD, "/var/lib/snapd/lib/gl/tls", 0x7ffd8952c190, 0) = -1 ENOENT (No such file or directory)
openat(AT_FDCWD, "/var/lib/snapd/lib/gl/haswell/x86_64/libc.so.6", O_RDONLY|O_CLOEXEC) = -1 ENOENT (No such file or directory)
newfstatat(AT_FDCWD, "/var/lib/snapd/lib/gl/haswell/x86_64", 0x7ffd8952c190, 0) = -1 ENOENT (No such file or directory)
openat(AT_FDCWD, "/var/lib/snapd/lib/gl/haswell/libc.so.6", O_RDONLY|O_CLOEXEC) = -1 ENOENT (No such file or directory)
newfstatat(AT_FDCWD, "/var/lib/snapd/lib/gl/haswell", 0x7ffd8952c190, 0) = -1 ENOENT (No such file or directory)
openat(AT_FDCWD, "/var/lib/snapd/lib/gl/x86_64/libc.so.6", O_RDONLY|O_CLOEXEC) = -1 ENOENT (No such file or directory)
newfstatat(AT_FDCWD, "/var/lib/snapd/lib/gl/x86_64", 0x7ffd8952c190, 0) = -1 ENOENT (No such file or directory)
openat(AT_FDCWD, "/var/lib/snapd/lib/gl/libc.so.6", O_RDONLY|O_CLOEXEC) = -1 ENOENT (No such file or directory)
newfstatat(AT_FDCWD, "/var/lib/snapd/lib/gl", {st_mode=S_IFDIR|0755, st_size=4096, ...}, 0) = 0
openat(AT_FDCWD, "/var/lib/snapd/lib/gl32/glibc-hwcaps/x86-64-v3/libc.so.6", O_RDONLY|O_CLOEXEC) = -1 ENOENT (No such file or directory)
newfstatat(AT_FDCWD, "/var/lib/snapd/lib/gl32/glibc-hwcaps/x86-64-v3", 0x7ffd8952c190, 0) = -1 ENOENT (No such file or directory)
openat(AT_FDCWD, "/var/lib/snapd/lib/gl32/glibc-hwcaps/x86-64-v2/libc.so.6", O_RDONLY|O_CLOEXEC) = -1 ENOENT (No such file or directory)
newfstatat(AT_FDCWD, "/var/lib/snapd/lib/gl32/glibc-hwcaps/x86-64-v2", 0x7ffd8952c190, 0) = -1 ENOENT (No such file or directory)
openat(AT_FDCWD, "/var/lib/snapd/lib/gl32/tls/haswell/x86_64/libc.so.6", O_RDONLY|O_CLOEXEC) = -1 ENOENT (No such file or directory)
newfstatat(AT_FDCWD, "/var/lib/snapd/lib/gl32/tls/haswell/x86_64", 0x7ffd8952c190, 0) = -1 ENOENT (No such file or directory)
openat(AT_FDCWD, "/var/lib/snapd/lib/gl32/tls/haswell/libc.so.6", O_RDONLY|O_CLOEXEC) = -1 ENOENT (No such file or directory)
newfstatat(AT_FDCWD, "/var/lib/snapd/lib/gl32/tls/haswell", 0x7ffd8952c190, 0) = -1 ENOENT (No such file or directory)
openat(AT_FDCWD, "/var/lib/snapd/lib/gl32/tls/x86_64/libc.so.6", O_RDONLY|O_CLOEXEC) = -1 ENOENT (No such file or directory)
newfstatat(AT_FDCWD, "/var/lib/snapd/lib/gl32/tls/x86_64", 0x7ffd8952c190, 0) = -1 ENOENT (No such file or directory)
openat(AT_FDCWD, "/var/lib/snapd/lib/gl32/tls/libc.so.6", O_RDONLY|O_CLOEXEC) = -1 ENOENT (No such file or directory)
newfstatat(AT_FDCWD, "/var/lib/snapd/lib/gl32/tls", 0x7ffd8952c190, 0) = -1 ENOENT (No such file or directory)
openat(AT_FDCWD, "/var/lib/snapd/lib/gl32/haswell/x86_64/libc.so.6", O_RDONLY|O_CLOEXEC) = -1 ENOENT (No such file or directory)
newfstatat(AT_FDCWD, "/var/lib/snapd/lib/gl32/haswell/x86_64", 0x7ffd8952c190, 0) = -1 ENOENT (No such file or directory)
openat(AT_FDCWD, "/var/lib/snapd/lib/gl32/haswell/libc.so.6", O_RDONLY|O_CLOEXEC) = -1 ENOENT (No such file or directory)
newfstatat(AT_FDCWD, "/var/lib/snapd/lib/gl32/haswell", 0x7ffd8952c190, 0) = -1 ENOENT (No such file or directory)
openat(AT_FDCWD, "/var/lib/snapd/lib/gl32/x86_64/libc.so.6", O_RDONLY|O_CLOEXEC) = -1 ENOENT (No such file or directory)
newfstatat(AT_FDCWD, "/var/lib/snapd/lib/gl32/x86_64", 0x7ffd8952c190, 0) = -1 ENOENT (No such file or directory)
openat(AT_FDCWD, "/var/lib/snapd/lib/gl32/libc.so.6", O_RDONLY|O_CLOEXEC) = -1 ENOENT (No such file or directory)
newfstatat(AT_FDCWD, "/var/lib/snapd/lib/gl32", {st_mode=S_IFDIR|0755, st_size=4096, ...}, 0) = 0
openat(AT_FDCWD, "/var/lib/snapd/void/glibc-hwcaps/x86-64-v3/libc.so.6", O_RDONLY|O_CLOEXEC) = -1 ENOENT (No such file or directory)
newfstatat(AT_FDCWD, "/var/lib/snapd/void/glibc-hwcaps/x86-64-v3", 0x7ffd8952c190, 0) = -1 ENOENT (No such file or directory)
openat(AT_FDCWD, "/var/lib/snapd/void/glibc-hwcaps/x86-64-v2/libc.so.6", O_RDONLY|O_CLOEXEC) = -1 ENOENT (No such file or directory)
newfstatat(AT_FDCWD, "/var/lib/snapd/void/glibc-hwcaps/x86-64-v2", 0x7ffd8952c190, 0) = -1 ENOENT (No such file or directory)
openat(AT_FDCWD, "/var/lib/snapd/void/tls/haswell/x86_64/libc.so.6", O_RDONLY|O_CLOEXEC) = -1 ENOENT (No such file or directory)
newfstatat(AT_FDCWD, "/var/lib/snapd/void/tls/haswell/x86_64", 0x7ffd8952c190, 0) = -1 ENOENT (No such file or directory)
openat(AT_FDCWD, "/var/lib/snapd/void/tls/haswell/libc.so.6", O_RDONLY|O_CLOEXEC) = -1 ENOENT (No such file or directory)
newfstatat(AT_FDCWD, "/var/lib/snapd/void/tls/haswell", 0x7ffd8952c190, 0) = -1 ENOENT (No such file or directory)
openat(AT_FDCWD, "/var/lib/snapd/void/tls/x86_64/libc.so.6", O_RDONLY|O_CLOEXEC) = -1 ENOENT (No such file or directory)
newfstatat(AT_FDCWD, "/var/lib/snapd/void/tls/x86_64", 0x7ffd8952c190, 0) = -1 ENOENT (No such file or directory)
openat(AT_FDCWD, "/var/lib/snapd/void/tls/libc.so.6", O_RDONLY|O_CLOEXEC) = -1 ENOENT (No such file or directory)
newfstatat(AT_FDCWD, "/var/lib/snapd/void/tls", 0x7ffd8952c190, 0) = -1 ENOENT (No such file or directory)
openat(AT_FDCWD, "/var/lib/snapd/void/haswell/x86_64/libc.so.6", O_RDONLY|O_CLOEXEC) = -1 ENOENT (No such file or directory)
newfstatat(AT_FDCWD, "/var/lib/snapd/void/haswell/x86_64", 0x7ffd8952c190, 0) = -1 ENOENT (No such file or directory)
openat(AT_FDCWD, "/var/lib/snapd/void/haswell/libc.so.6", O_RDONLY|O_CLOEXEC) = -1 ENOENT (No such file or directory)
newfstatat(AT_FDCWD, "/var/lib/snapd/void/haswell", 0x7ffd8952c190, 0) = -1 ENOENT (No such file or directory)
openat(AT_FDCWD, "/var/lib/snapd/void/x86_64/libc.so.6", O_RDONLY|O_CLOEXEC) = -1 ENOENT (No such file or directory)
newfstatat(AT_FDCWD, "/var/lib/snapd/void/x86_64", 0x7ffd8952c190, 0) = -1 ENOENT (No such file or directory)
openat(AT_FDCWD, "/var/lib/snapd/void/libc.so.6", O_RDONLY|O_CLOEXEC) = -1 ENOENT (No such file or directory)
newfstatat(AT_FDCWD, "/var/lib/snapd/void", {st_mode=S_IFDIR|0111, st_size=4096, ...}, 0) = 0
openat(AT_FDCWD, "/etc/ld.so.cache", O_RDONLY|O_CLOEXEC) = 3
newfstatat(3, "", {st_mode=S_IFREG|0644, st_size=133739, ...}, AT_EMPTY_PATH) = 0
mmap(NULL, 133739, PROT_READ, MAP_PRIVATE, 3, 0) = 0x7f8c9fc98000
close(3)                                = 0
openat(AT_FDCWD, "/lib/x86_64-linux-gnu/libc.so.6", O_RDONLY|O_CLOEXEC) = 3
read(3, "\177ELF\2\1\1\3\0\0\0\0\0\0\0\0\3\0>\0\1\0\0\0P\237\2\0\0\0\0\0"..., 832) = 832
pread64(3, "\6\0\0\0\4\0\0\0@\0\0\0\0\0\0\0@\0\0\0\0\0\0\0@\0\0\0\0\0\0\0"..., 784, 64) = 784
pread64(3, "\4\0\0\0 \0\0\0\5\0\0\0GNU\0\2\0\0\300\4\0\0\0\3\0\0\0\0\0\0\0"..., 48, 848) = 48
pread64(3, "\4\0\0\0\24\0\0\0\3\0\0\0GNU\0\244;\374\204(\337f#\315I\214\234\f\256\271\32"..., 68, 896) = 68
newfstatat(3, "", {st_mode=S_IFREG|0755, st_size=2216304, ...}, AT_EMPTY_PATH) = 0
pread64(3, "\6\0\0\0\4\0\0\0@\0\0\0\0\0\0\0@\0\0\0\0\0\0\0@\0\0\0\0\0\0\0"..., 784, 64) = 784
mmap(NULL, 2260560, PROT_READ, MAP_PRIVATE|MAP_DENYWRITE, 3, 0) = 0x7f8c9fa00000
mmap(0x7f8c9fa28000, 1658880, PROT_READ|PROT_EXEC, MAP_PRIVATE|MAP_FIXED|MAP_DENYWRITE, 3, 0x28000) = 0x7f8c9fa28000
mmap(0x7f8c9fbbd000, 360448, PROT_READ, MAP_PRIVATE|MAP_FIXED|MAP_DENYWRITE, 3, 0x1bd000) = 0x7f8c9fbbd000
mmap(0x7f8c9fc15000, 24576, PROT_READ|PROT_WRITE, MAP_PRIVATE|MAP_FIXED|MAP_DENYWRITE, 3, 0x214000) = 0x7f8c9fc15000
mmap(0x7f8c9fc1b000, 52816, PROT_READ|PROT_WRITE, MAP_PRIVATE|MAP_FIXED|MAP_ANONYMOUS, -1, 0) = 0x7f8c9fc1b000
close(3)                                = 0
mmap(NULL, 12288, PROT_READ|PROT_WRITE, MAP_PRIVATE|MAP_ANONYMOUS, -1, 0) = 0x7f8c9fc95000
arch_prctl(ARCH_SET_FS, 0x7f8c9fc95740) = 0
set_tid_address(0x7f8c9fc95a10)         = 303937
set_robust_list(0x7f8c9fc95a20, 24)     = 0
rseq(0x7f8c9fc960e0, 0x20, 0, 0x53053053) = 0
mprotect(0x7f8c9fc15000, 16384, PROT_READ) = 0
mprotect(0x56236be78000, 4096, PROT_READ) = 0
mprotect(0x7f8c9fcf3000, 8192, PROT_READ) = 0
prlimit64(0, RLIMIT_STACK, NULL, {rlim_cur=8192*1024, rlim_max=RLIM64_INFINITY}) = 0
munmap(0x7f8c9fc98000, 133739)          = 0
write(1, "It wor", 6)                   = 6
newfstatat(1, "", {st_mode=S_IFCHR|0620, st_rdev=makedev(0x88, 0x8), ...}, AT_EMPTY_PATH) = 0
getrandom("\x5f\xd3\x94\xcf\x97\x2a\x63\x12", 8, GRND_NONBLOCK) = 8
brk(NULL)                               = 0x56236c8f0000
brk(0x56236c911000)                     = 0x56236c911000
write(1, "\n", 1)                       = 1
write(1, "6\n", 2)                      = 2
exit_group(6)                           = ?
+++ exited with 6 +++
